Arguments: 
  /usr/local/bin/node /usr/local/bin/yarn add --dev jest-junit

PATH: 
  /opt/homebrew/bin:/usr/local/bin:/usr/bin:/bin:/usr/sbin:/sbin:/opt/homebrew/bin

Yarn version: 
  1.22.19

Node version: 
  20.4.0

Platform: 
  darwin arm64

Trace: 
  Error: EACCES: permission denied, unlink '/Users/toktaganovs/Desktop/Projects/pets/node_modules/axios/node_modules/proxy-from-env/LICENSE'

npm manifest: 
  {
    "name": "pets",
    "version": "0.0.1",
    "private": true,
    "scripts": {
      "serve": "vue-cli-service serve",
      "build": "vue-cli-service build",
      "test:unit": "vue-cli-service test:unit",
      "test:e2e": "vue-cli-service test:e2e",
      "lint": "vue-cli-service lint"
    },
    "dependencies": {
      "@ionic/vue": "^7.0.0",
      "@ionic/vue-router": "^7.0.0",
      "axios": "^1.3.5",
      "core-js": "^3.6.5",
      "ionicons": "^7.0.0",
      "pinia": "^2.0.34",
      "sass": "^1.62.0",
      "sass-loader": "^13.2.2",
      "vue": "^3.2.47",
      "vue-router": "^4.1.6"
    },
    "devDependencies": {
      "@types/jest": "^27.0.2",
      "@typescript-eslint/eslint-plugin": "^5.6.0",
      "@typescript-eslint/parser": "^5.6.0",
      "@vue/cli-plugin-babel": "~5.0.0-rc.1",
      "@vue/cli-plugin-e2e-cypress": "~5.0.0-rc.1",
      "@vue/cli-plugin-eslint": "~5.0.0-rc.1",
      "@vue/cli-plugin-router": "~5.0.0-rc.1",
      "@vue/cli-plugin-typescript": "~5.0.0-rc.1",
      "@vue/cli-plugin-unit-jest": "~5.0.0-rc.1",
      "@vue/cli-service": "~5.0.0-rc.1",
      "@vue/eslint-config-typescript": "^11.0.2",
      "@vue/test-utils": "^2.0.0-rc.16",
      "@vue/vue3-jest": "^27.0.0-alpha.3",
      "babel-jest": "^27.3.1",
      "cypress": "^8.7.0",
      "eslint": "^8.4.1",
      "eslint-plugin-vue": "^9.8.0",
      "jest": "^27.3.1",
      "ts-jest": "^27.0.7",
      "typescript": "^4.3.5"
    },
    "description": "An Ionic project"
  }

yarn manifest: 
  No manifest

Lockfile: 
  
